error: cannot find startxref
warning: trying to repair broken xref
warning: repairing PDF document
warning: object missing 'endobj' token
error: cannot find startxref
warning: trying to repair broken xref
warning: repairing PDF document
warning: object missing 'endobj' token
error: cannot find startxref
warning: trying to repair broken xref
warning: repairing PDF document
warning: object missing 'endobj' token
error: cannot find startxref
warning: trying to repair broken xref
warning: repairing PDF document
warning: object missing 'endobj' token
error: cannot find startxref
warning: trying to repair broken xref
warning: repairing PDF document
warning: object missing 'endobj' token
error: Unknown file type: 'inode/x-empty'
